<?xml version="1.0" encoding="UTF-8"?>
<!-- Generated by org.testng.reporters.JUnitXMLReporter -->
<testsuite ignored="0" hostname="DESKTOP-VTBT3RG" failures="0" tests="5" name="Test" time="56.644" errors="0" timestamp="2024-02-17T11:15:38 IST">
  <testcase classname="Testcase.MakeMyTripSearch" name="SearchFlightWithValidData" time="12.999"/>
  <testcase classname="Testcase.MakeMyTripSearch" name="SearchFlightWithValidData" time="10.235"/>
  <testcase classname="Testcase.MakeMyTripSearch" name="SearchWithSameCityError" time="1.249"/>
  <testcase classname="Testcase.MakeMyTripSearch" name="SearchWithSameCityError" time="0.748"/>
  <testcase classname="Testcase.MakeMyTripSearch" name="SearchWithSameCityError" time="0.951"/>
</testsuite> <!-- Test -->
