<?xml version="1.0" encoding="UTF-8"?>
<!-- Generated by org.testng.reporters.JUnitXMLReporter -->
<testsuite ignored="0" hostname="DESKTOP-VTBT3RG" failures="0" tests="6" name="Test1" time="0.026" errors="0" timestamp="2024-02-10T09:23:00 IST">
  <testcase classname="TestNGBaics.Secondclass" name="Testcase2" time="0.002"/>
  <testcase classname="TestNGBaics.Secondclass" name="Testcase3" time="0.002"/>
  <testcase classname="TestNGBaics.Secondclass" name="Testcase1" time="0.001"/>
  <testcase classname="TestNGBaics.FirstClass" name="Testcase2" time="0.001"/>
  <testcase classname="TestNGBaics.FirstClass" name="Testcase3" time="0.001"/>
  <testcase classname="TestNGBaics.FirstClass" name="Testcase1" time="0.001"/>
</testsuite> <!-- Test1 -->
