<?xml version="1.0" encoding="UTF-8"?>
<!-- Generated by org.testng.reporters.JUnitXMLReporter -->
<testsuite ignored="0" hostname="DESKTOP-VTBT3RG" failures="0" tests="5" name="Test" time="56.189" errors="0" timestamp="2024-02-17T11:21:49 IST">
  <testcase classname="Testcase.MakeMyTripSearch" name="SearchFlightWithValidData" time="14.145"/>
  <testcase classname="Testcase.MakeMyTripSearch" name="SearchFlightWithValidData" time="8.091"/>
  <testcase classname="Testcase.MakeMyTripSearch" name="SearchWithSameCityError" time="1.507"/>
  <testcase classname="Testcase.MakeMyTripSearch" name="SearchWithSameCityError" time="0.761"/>
  <testcase classname="Testcase.MakeMyTripSearch" name="SearchWithSameCityError" time="1.042"/>
</testsuite> <!-- Test -->
