<?xml version="1.0" encoding="UTF-8"?>
<testng-results ignored="0" total="5" passed="5" failed="0" skipped="0">
  <reporter-output>
  </reporter-output>
  <suite started-at="2024-02-17T11:14:41 IST" name="Suite" finished-at="2024-02-17T11:15:38 IST" duration-ms="56644">
    <groups>
    </groups>
    <test started-at="2024-02-17T11:14:41 IST" name="Test" finished-at="2024-02-17T11:15:38 IST" duration-ms="56644">
      <class name="Testcase.MakeMyTripSearch">
        <test-method is-config="true" signature="BrowserLauch()[pri:0, instance:Testcase.MakeMyTripSearch@22ff4249]" started-at="2024-02-17T11:14:38 IST" name="BrowserLauch" finished-at="2024-02-17T11:14:41 IST" duration-ms="2679" status="PASS">
          <reporter-output>
          </reporter-output>
        </test-method> <!-- BrowserLauch -->
        <test-method is-config="true" signature="ClickOnADs()[pri:0, instance:Testcase.MakeMyTripSearch@22ff4249]" started-at="2024-02-17T11:14:41 IST" name="ClickOnADs" finished-at="2024-02-17T11:15:11 IST" duration-ms="30156" status="PASS">
          <reporter-output>
          </reporter-output>
        </test-method> <!-- ClickOnADs -->
        <test-method is-config="true" signature="StartReport(java.lang.reflect.Method)[pri:0, instance:Testcase.MakeMyTripSearch@22ff4249]" started-at="2024-02-17T11:15:11 IST" name="StartReport" finished-at="2024-02-17T11:15:11 IST" duration-ms="3" status="PASS">
          <params>
            <param index="0">
              <value>
                <![CDATA[public void Testcase.MakeMyTripSearch.SearchFlightWithValidData(java.lang.String,java.lang.String,java.lang.String) throws java.io.IOException]]>
              </value>
            </param>
          </params>
          <reporter-output>
          </reporter-output>
        </test-method> <!-- StartReport -->
        <test-method signature="SearchFlightWithValidData(java.lang.String,java.lang.String,java.lang.String)[pri:0, instance:Testcase.MakeMyTripSearch@22ff4249]" started-at="2024-02-17T11:15:11 IST" name="SearchFlightWithValidData" data-provider="GetSearchTestData" finished-at="2024-02-17T11:15:24 IST" duration-ms="12999" status="PASS">
          <params>
            <param index="0">
              <value>
                <![CDATA[PNQ]]>
              </value>
            </param>
            <param index="1">
              <value>
                <![CDATA[MAA]]>
              </value>
            </param>
            <param index="2">
              <value>
                <![CDATA[27]]>
              </value>
            </param>
          </params>
          <reporter-output>
          </reporter-output>
        </test-method> <!-- SearchFlightWithValidData -->
        <test-method is-config="true" signature="WriteIntoReport(org.testng.ITestResult)[pri:0, instance:Testcase.MakeMyTripSearch@22ff4249]" started-at="2024-02-17T11:15:24 IST" name="WriteIntoReport" finished-at="2024-02-17T11:15:24 IST" duration-ms="1" status="PASS">
          <params>
            <param index="0">
              <value>
                <![CDATA[[TestResult name=SearchFlightWithValidData status=SUCCESS method=MakeMyTripSearch.SearchFlightWithValidData(java.lang.String,java.lang.String,java.lang.String)[pri:0, instance:Testcase.MakeMyTripSearch@22ff4249] output={null}]]]>
              </value>
            </param>
          </params>
          <reporter-output>
          </reporter-output>
        </test-method> <!-- WriteIntoReport -->
        <test-method signature="SearchFlightWithValidData(java.lang.String,java.lang.String,java.lang.String)[pri:0, instance:Testcase.MakeMyTripSearch@22ff4249]" started-at="2024-02-17T11:15:24 IST" name="SearchFlightWithValidData" data-provider="GetSearchTestData" finished-at="2024-02-17T11:15:35 IST" duration-ms="10235" status="PASS">
          <params>
            <param index="0">
              <value>
                <![CDATA[MAA]]>
              </value>
            </param>
            <param index="1">
              <value>
                <![CDATA[PNQ]]>
              </value>
            </param>
            <param index="2">
              <value>
                <![CDATA[25]]>
              </value>
            </param>
          </params>
          <reporter-output>
          </reporter-output>
        </test-method> <!-- SearchFlightWithValidData -->
        <test-method is-config="true" signature="StartReport(java.lang.reflect.Method)[pri:0, instance:Testcase.MakeMyTripSearch@22ff4249]" started-at="2024-02-17T11:15:24 IST" name="StartReport" finished-at="2024-02-17T11:15:24 IST" duration-ms="0" status="PASS">
          <params>
            <param index="0">
              <value>
                <![CDATA[public void Testcase.MakeMyTripSearch.SearchFlightWithValidData(java.lang.String,java.lang.String,java.lang.String) throws java.io.IOException]]>
              </value>
            </param>
          </params>
          <reporter-output>
          </reporter-output>
        </test-method> <!-- StartReport -->
        <test-method is-config="true" signature="WriteIntoReport(org.testng.ITestResult)[pri:0, instance:Testcase.MakeMyTripSearch@22ff4249]" started-at="2024-02-17T11:15:35 IST" name="WriteIntoReport" finished-at="2024-02-17T11:15:35 IST" duration-ms="0" status="PASS">
          <params>
            <param index="0">
              <value>
                <![CDATA[[TestResult name=SearchFlightWithValidData status=SUCCESS method=MakeMyTripSearch.SearchFlightWithValidData(java.lang.String,java.lang.String,java.lang.String)[pri:0, instance:Testcase.MakeMyTripSearch@22ff4249] output={null}]]]>
              </value>
            </param>
          </params>
          <reporter-output>
          </reporter-output>
        </test-method> <!-- WriteIntoReport -->
        <test-method is-config="true" signature="StartReport(java.lang.reflect.Method)[pri:0, instance:Testcase.MakeMyTripSearch@22ff4249]" started-at="2024-02-17T11:15:35 IST" name="StartReport" finished-at="2024-02-17T11:15:35 IST" duration-ms="1" status="PASS">
          <params>
            <param index="0">
              <value>
                <![CDATA[public void Testcase.MakeMyTripSearch.SearchWithSameCityError(java.lang.String,java.lang.String,java.lang.String) throws java.io.IOException]]>
              </value>
            </param>
          </params>
          <reporter-output>
          </reporter-output>
        </test-method> <!-- StartReport -->
        <test-method signature="SearchWithSameCityError(java.lang.String,java.lang.String,java.lang.String)[pri:1, instance:Testcase.MakeMyTripSearch@22ff4249]" started-at="2024-02-17T11:15:35 IST" name="SearchWithSameCityError" data-provider="GetSearchInvalidTestData" finished-at="2024-02-17T11:15:36 IST" duration-ms="1249" status="PASS">
          <params>
            <param index="0">
              <value>
                <![CDATA[PNQ]]>
              </value>
            </param>
            <param index="1">
              <value>
                <![CDATA[PNQ]]>
              </value>
            </param>
            <param index="2">
              <value>
                <![CDATA[27]]>
              </value>
            </param>
          </params>
          <reporter-output>
          </reporter-output>
        </test-method> <!-- SearchWithSameCityError -->
        <test-method is-config="true" signature="WriteIntoReport(org.testng.ITestResult)[pri:0, instance:Testcase.MakeMyTripSearch@22ff4249]" started-at="2024-02-17T11:15:36 IST" name="WriteIntoReport" finished-at="2024-02-17T11:15:36 IST" duration-ms="0" status="PASS">
          <params>
            <param index="0">
              <value>
                <![CDATA[[TestResult name=SearchWithSameCityError status=SUCCESS method=MakeMyTripSearch.SearchWithSameCityError(java.lang.String,java.lang.String,java.lang.String)[pri:1, instance:Testcase.MakeMyTripSearch@22ff4249] output={null}]]]>
              </value>
            </param>
          </params>
          <reporter-output>
          </reporter-output>
        </test-method> <!-- WriteIntoReport -->
        <test-method is-config="true" signature="StartReport(java.lang.reflect.Method)[pri:0, instance:Testcase.MakeMyTripSearch@22ff4249]" started-at="2024-02-17T11:15:36 IST" name="StartReport" finished-at="2024-02-17T11:15:36 IST" duration-ms="1" status="PASS">
          <params>
            <param index="0">
              <value>
                <![CDATA[public void Testcase.MakeMyTripSearch.SearchWithSameCityError(java.lang.String,java.lang.String,java.lang.String) throws java.io.IOException]]>
              </value>
            </param>
          </params>
          <reporter-output>
          </reporter-output>
        </test-method> <!-- StartReport -->
        <test-method signature="SearchWithSameCityError(java.lang.String,java.lang.String,java.lang.String)[pri:1, instance:Testcase.MakeMyTripSearch@22ff4249]" started-at="2024-02-17T11:15:36 IST" name="SearchWithSameCityError" data-provider="GetSearchInvalidTestData" finished-at="2024-02-17T11:15:37 IST" duration-ms="748" status="PASS">
          <params>
            <param index="0">
              <value>
                <![CDATA[MAA]]>
              </value>
            </param>
            <param index="1">
              <value>
                <![CDATA[MAA]]>
              </value>
            </param>
            <param index="2">
              <value>
                <![CDATA[25]]>
              </value>
            </param>
          </params>
          <reporter-output>
          </reporter-output>
        </test-method> <!-- SearchWithSameCityError -->
        <test-method is-config="true" signature="WriteIntoReport(org.testng.ITestResult)[pri:0, instance:Testcase.MakeMyTripSearch@22ff4249]" started-at="2024-02-17T11:15:37 IST" name="WriteIntoReport" finished-at="2024-02-17T11:15:37 IST" duration-ms="0" status="PASS">
          <params>
            <param index="0">
              <value>
                <![CDATA[[TestResult name=SearchWithSameCityError status=SUCCESS method=MakeMyTripSearch.SearchWithSameCityError(java.lang.String,java.lang.String,java.lang.String)[pri:1, instance:Testcase.MakeMyTripSearch@22ff4249] output={null}]]]>
              </value>
            </param>
          </params>
          <reporter-output>
          </reporter-output>
        </test-method> <!-- WriteIntoReport -->
        <test-method signature="SearchWithSameCityError(java.lang.String,java.lang.String,java.lang.String)[pri:1, instance:Testcase.MakeMyTripSearch@22ff4249]" started-at="2024-02-17T11:15:37 IST" name="SearchWithSameCityError" data-provider="GetSearchInvalidTestData" finished-at="2024-02-17T11:15:38 IST" duration-ms="951" status="PASS">
          <params>
            <param index="0">
              <value>
                <![CDATA[BLR]]>
              </value>
            </param>
            <param index="1">
              <value>
                <![CDATA[BLR]]>
              </value>
            </param>
            <param index="2">
              <value>
                <![CDATA[29]]>
              </value>
            </param>
          </params>
          <reporter-output>
          </reporter-output>
        </test-method> <!-- SearchWithSameCityError -->
        <test-method is-config="true" signature="StartReport(java.lang.reflect.Method)[pri:0, instance:Testcase.MakeMyTripSearch@22ff4249]" started-at="2024-02-17T11:15:37 IST" name="StartReport" finished-at="2024-02-17T11:15:37 IST" duration-ms="0" status="PASS">
          <params>
            <param index="0">
              <value>
                <![CDATA[public void Testcase.MakeMyTripSearch.SearchWithSameCityError(java.lang.String,java.lang.String,java.lang.String) throws java.io.IOException]]>
              </value>
            </param>
          </params>
          <reporter-output>
          </reporter-output>
        </test-method> <!-- StartReport -->
        <test-method is-config="true" signature="WriteIntoReport(org.testng.ITestResult)[pri:0, instance:Testcase.MakeMyTripSearch@22ff4249]" started-at="2024-02-17T11:15:38 IST" name="WriteIntoReport" finished-at="2024-02-17T11:15:38 IST" duration-ms="0" status="PASS">
          <params>
            <param index="0">
              <value>
                <![CDATA[[TestResult name=SearchWithSameCityError status=SUCCESS method=MakeMyTripSearch.SearchWithSameCityError(java.lang.String,java.lang.String,java.lang.String)[pri:1, instance:Testcase.MakeMyTripSearch@22ff4249] output={null}]]]>
              </value>
            </param>
          </params>
          <reporter-output>
          </reporter-output>
        </test-method> <!-- WriteIntoReport -->
        <test-method is-config="true" signature="TearDown()[pri:0, instance:Testcase.MakeMyTripSearch@22ff4249]" started-at="2024-02-17T11:15:38 IST" name="TearDown" finished-at="2024-02-17T11:15:38 IST" duration-ms="431" status="PASS">
          <reporter-output>
          </reporter-output>
        </test-method> <!-- TearDown -->
      </class> <!-- Testcase.MakeMyTripSearch -->
    </test> <!-- Test -->
  </suite> <!-- Suite -->
</testng-results>
